2026-01-12 11:11:49,699 - data_preprocessing - DEBUG - Data loaded properly
2026-01-12 11:11:49,699 - data_preprocessing - DEBUG - Starting preprocessing for DataFrame
2026-01-12 11:11:49,700 - data_preprocessing - DEBUG - Target column encoded
2026-01-12 11:11:49,711 - data_preprocessing - DEBUG - Duplicates removed
2026-01-12 11:11:49,712 - data_preprocessing - ERROR - Error during text normalization: 
**********************************************************************
  Resource [93mpunkt_tab[0m not found.
  Please use the NLTK Downloader to obtain the resource:

  [31m>>> import nltk
  >>> nltk.download('punkt_tab')
  [0m
  For more information see: https://www.nltk.org/data.html

  Attempted to load [93mtokenizers/punkt_tab/english/[0m

  Searched in:
    - '/home/prajay/nltk_data'
    - '/home/prajay/miniconda3/nltk_data'
    - '/home/prajay/miniconda3/share/nltk_data'
    - '/home/prajay/miniconda3/lib/nltk_data'
    - '/usr/share/nltk_data'
    - '/usr/local/share/nltk_data'
    - '/usr/lib/nltk_data'
    - '/usr/local/lib/nltk_data'
**********************************************************************

2026-01-12 11:11:49,712 - data_preprocessing - ERROR - Failed to complete the data transformation process: 
**********************************************************************
  Resource [93mpunkt_tab[0m not found.
  Please use the NLTK Downloader to obtain the resource:

  [31m>>> import nltk
  >>> nltk.download('punkt_tab')
  [0m
  For more information see: https://www.nltk.org/data.html

  Attempted to load [93mtokenizers/punkt_tab/english/[0m

  Searched in:
    - '/home/prajay/nltk_data'
    - '/home/prajay/miniconda3/nltk_data'
    - '/home/prajay/miniconda3/share/nltk_data'
    - '/home/prajay/miniconda3/lib/nltk_data'
    - '/usr/share/nltk_data'
    - '/usr/local/share/nltk_data'
    - '/usr/lib/nltk_data'
    - '/usr/local/lib/nltk_data'
**********************************************************************

2026-01-12 11:13:52,227 - data_preprocessing - DEBUG - Data loaded properly
2026-01-12 11:13:52,227 - data_preprocessing - DEBUG - Starting preprocessing for DataFrame
2026-01-12 11:13:52,229 - data_preprocessing - DEBUG - Target column encoded
2026-01-12 11:13:52,231 - data_preprocessing - DEBUG - Duplicates removed
2026-01-12 11:13:54,232 - data_preprocessing - DEBUG - Text column transformed
2026-01-12 11:13:54,232 - data_preprocessing - DEBUG - Starting preprocessing for DataFrame
2026-01-12 11:13:54,233 - data_preprocessing - DEBUG - Target column encoded
2026-01-12 11:13:54,234 - data_preprocessing - DEBUG - Duplicates removed
2026-01-12 11:13:54,748 - data_preprocessing - DEBUG - Text column transformed
2026-01-12 11:13:54,753 - data_preprocessing - DEBUG - Processed data saved to ./data/interim
2026-01-17 11:06:06,758 - data_preprocessing - DEBUG - Data loaded properly
2026-01-17 11:06:06,758 - data_preprocessing - DEBUG - Starting preprocessing for DataFrame
2026-01-17 11:06:06,760 - data_preprocessing - DEBUG - Target column encoded
2026-01-17 11:06:06,768 - data_preprocessing - DEBUG - Duplicates removed
2026-01-17 11:06:08,738 - data_preprocessing - DEBUG - Text column transformed
2026-01-17 11:06:08,738 - data_preprocessing - DEBUG - Starting preprocessing for DataFrame
2026-01-17 11:06:08,739 - data_preprocessing - DEBUG - Target column encoded
2026-01-17 11:06:08,740 - data_preprocessing - DEBUG - Duplicates removed
2026-01-17 11:06:09,243 - data_preprocessing - DEBUG - Text column transformed
2026-01-17 11:06:09,248 - data_preprocessing - DEBUG - Processed data saved to ./data/interim
2026-01-17 12:18:40,010 - data_preprocessing - DEBUG - Data loaded properly
2026-01-17 12:18:40,010 - data_preprocessing - DEBUG - Starting preprocessing for DataFrame
2026-01-17 12:18:40,010 - data_preprocessing - DEBUG - Target column encoded
2026-01-17 12:18:40,012 - data_preprocessing - DEBUG - Duplicates removed
2026-01-17 12:18:41,828 - data_preprocessing - DEBUG - Text column transformed
2026-01-17 12:18:41,828 - data_preprocessing - DEBUG - Starting preprocessing for DataFrame
2026-01-17 12:18:41,829 - data_preprocessing - DEBUG - Target column encoded
2026-01-17 12:18:41,830 - data_preprocessing - DEBUG - Duplicates removed
2026-01-17 12:18:42,608 - data_preprocessing - DEBUG - Text column transformed
2026-01-17 12:18:42,613 - data_preprocessing - DEBUG - Processed data saved to ./data/interim
