2026-01-12 11:24:35,468 - feature_engineering - DEBUG - Data loaded and NaNs filled from ./data/interim/train_processed.csv
2026-01-12 11:24:35,469 - feature_engineering - DEBUG - Data loaded and NaNs filled from ./data/interim/test_processed.csv
2026-01-12 11:24:35,509 - feature_engineering - DEBUG - tfidf applied and data transformed
2026-01-12 11:24:35,565 - feature_engineering - DEBUG - Data saved to ./data/processed/train_tfidf.csv
2026-01-12 11:24:35,580 - feature_engineering - DEBUG - Data saved to ./data/processed/test_tfidf.csv
2026-01-17 11:06:10,200 - feature_engineering - DEBUG - Data loaded and NaNs filled from ./data/interim/train_processed.csv
2026-01-17 11:06:10,202 - feature_engineering - DEBUG - Data loaded and NaNs filled from ./data/interim/test_processed.csv
2026-01-17 11:06:10,237 - feature_engineering - DEBUG - tfidf applied and data transformed
2026-01-17 11:06:10,297 - feature_engineering - DEBUG - Data saved to ./data/processed/train_tfidf.csv
2026-01-17 11:06:10,313 - feature_engineering - DEBUG - Data saved to ./data/processed/test_tfidf.csv
2026-01-17 11:36:11,491 - feature_engineering - DEBUG - Parameters retrieved from params.yaml
2026-01-17 11:36:11,496 - feature_engineering - DEBUG - Data loaded and NaNs filled from ./data/interim/train_processed.csv
2026-01-17 11:36:11,498 - feature_engineering - DEBUG - Data loaded and NaNs filled from ./data/interim/test_processed.csv
2026-01-17 11:36:11,528 - feature_engineering - DEBUG - tfidf applied and data transformed
2026-01-17 11:36:11,569 - feature_engineering - DEBUG - Data saved to ./data/processed/train_tfidf.csv
2026-01-17 11:36:11,580 - feature_engineering - DEBUG - Data saved to ./data/processed/test_tfidf.csv
2026-01-17 12:18:43,992 - feature_engineering - DEBUG - Parameters retrieved from params.yaml
2026-01-17 12:18:43,998 - feature_engineering - DEBUG - Data loaded and NaNs filled from ./data/interim/train_processed.csv
2026-01-17 12:18:44,000 - feature_engineering - DEBUG - Data loaded and NaNs filled from ./data/interim/test_processed.csv
2026-01-17 12:18:44,033 - feature_engineering - DEBUG - tfidf applied and data transformed
2026-01-17 12:18:44,063 - feature_engineering - DEBUG - Data saved to ./data/processed/train_tfidf.csv
2026-01-17 12:18:44,077 - feature_engineering - DEBUG - Data saved to ./data/processed/test_tfidf.csv
